# JRE version: OpenJDK Runtime Environment Temurin-17.0.4.1+1 (17.0.4.1+1) (build 17.0.4.1+1)
# Java VM: OpenJDK 64-Bit Server VM Temurin-17.0.4.1+1 (17.0.4.1+1, mixed mode, emulated-client, tiered, compressed oops, compressed class ptrs, g1 gc, windows-amd64)
GC Precious Log:
 CPUs: 8 total, 8 available
 Memory: 3971M
 Large Page Support: Disabled
 NUMA Support: Disabled
 Compressed Oops: Enabled (32-bit)
 Heap Region Size: 1M
 Heap Min Capacity: 8M
 Heap Initial Capacity: 64M
 Heap Max Capacity: 994M
 Pre-touch: Disabled
 Parallel Workers: 8
 Concurrent Workers: 2
 Concurrent Refinement Workers: 8
 Periodic GC: Disabled
Heap:
 garbage-first heap   total 54272K, used 26246K [0x00000000c1e00000, 0x0000000100000000)
  region size 1024K, 6 young (6144K), 3 survivors (3072K)
 Metaspace       used 33424K, committed 33664K, reserved 1081344K
  class space    used 4247K, committed 4352K, reserved 1048576K
GC Heap History (16 events):
Event: 0.629 GC heap before
{Heap before GC invocations=0 (full 0):
 garbage-first heap   total 65536K, used 22528K [0x00000000c1e00000, 0x0000000100000000)
  region size 1024K, 23 young (23552K), 0 survivors (0K)
 Metaspace       used 10169K, committed 10368K, reserved 1064960K
  class space    used 1164K, committed 1280K, reserved 1048576K
}
Event: 0.638 GC heap after
{Heap after GC invocations=1 (full 0):
 garbage-first heap   total 65536K, used 8101K [0x00000000c1e00000, 0x0000000100000000)
  region size 1024K, 3 young (3072K), 3 survivors (3072K)
 Metaspace       used 10169K, committed 10368K, reserved 1064960K
  class space    used 1164K, committed 1280K, reserved 1048576K
}
Event: 1.072 GC heap before
{Heap before GC invocations=1 (full 0):
 garbage-first heap   total 65536K, used 29605K [0x00000000c1e00000, 0x0000000100000000)
  region size 1024K, 24 young (24576K), 3 survivors (3072K)
 Metaspace       used 16272K, committed 16512K, reserved 1064960K
  class space    used 1993K, committed 2112K, reserved 1048576K
}
Event: 1.081 GC heap after
{Heap after GC invocations=2 (full 0):
 garbage-first heap   total 65536K, used 10733K [0x00000000c1e00000, 0x0000000100000000)
  region size 1024K, 3 young (3072K), 3 survivors (3072K)
 Metaspace       used 16272K, committed 16512K, reserved 1064960K
  class space    used 1993K, committed 2112K, reserved 1048576K
}
Event: 1.297 GC heap before
{Heap before GC invocations=2 (full 0):
 garbage-first heap   total 65536K, used 30189K [0x00000000c1e00000, 0x0000000100000000)
  region size 1024K, 24 young (24576K), 3 survivors (3072K)
 Metaspace       used 21304K, committed 21504K, reserved 1073152K
  class space    used 2598K, committed 2688K, reserved 1048576K
}
Event: 1.300 GC heap after
{Heap after GC invocations=3 (full 0):
 garbage-first heap   total 65536K, used 11612K [0x00000000c1e00000, 0x0000000100000000)
  region size 1024K, 1 young (1024K), 1 survivors (1024K)
 Metaspace       used 21304K, committed 21504K, reserved 1073152K
  class space    used 2598K, committed 2688K, reserved 1048576K
}
Event: 1.581 GC heap before
{Heap before GC invocations=4 (full 0):
 garbage-first heap   total 45056K, used 34140K [0x00000000c1e00000, 0x0000000100000000)
  region size 1024K, 24 young (24576K), 1 survivors (1024K)
 Metaspace       used 24875K, committed 25088K, reserved 1073152K
  class space    used 3068K, committed 3136K, reserved 1048576K
}
Event: 1.584 GC heap after
{Heap after GC invocations=5 (full 0):
 garbage-first heap   total 45056K, used 12879K [0x00000000c1e00000, 0x0000000100000000)
  region size 1024K, 3 young (3072K), 3 survivors (3072K)
 Metaspace       used 24875K, committed 25088K, reserved 1073152K
  class space    used 3068K, committed 3136K, reserved 1048576K
}
Event: 1.852 GC heap before
{Heap before GC invocations=5 (full 0):
 garbage-first heap   total 45056K, used 28239K [0x00000000c1e00000, 0x0000000100000000)
  region size 1024K, 19 young (19456K), 3 survivors (3072K)
 Metaspace       used 27899K, committed 28160K, reserved 1081344K
  class space    used 3503K, committed 3648K, reserved 1048576K
}
Event: 1.858 GC heap after
{Heap after GC invocations=6 (full 0):
 garbage-first heap   total 54272K, used 15565K [0x00000000c1e00000, 0x0000000100000000)
  region size 1024K, 3 young (3072K), 3 survivors (3072K)
 Metaspace       used 27899K, committed 28160K, reserved 1081344K
  class space    used 3503K, committed 3648K, reserved 1048576K
}
Event: 2.193 GC heap before
{Heap before GC invocations=6 (full 0):
 garbage-first heap   total 54272K, used 36045K [0x00000000c1e00000, 0x0000000100000000)
  region size 1024K, 23 young (23552K), 3 survivors (3072K)
 Metaspace       used 31893K, committed 32192K, reserved 1081344K
  class space    used 4027K, committed 4160K, reserved 1048576K
}
Event: 2.200 GC heap after
{Heap after GC invocations=7 (full 0):
 garbage-first heap   total 54272K, used 17284K [0x00000000c1e00000, 0x0000000100000000)
  region size 1024K, 2 young (2048K), 2 survivors (2048K)
 Metaspace       used 31893K, committed 32192K, reserved 1081344K
  class space    used 4027K, committed 4160K, reserved 1048576K
}
Event: 2.301 GC heap before
{Heap before GC invocations=7 (full 0):
 garbage-first heap   total 54272K, used 35716K [0x00000000c1e00000, 0x0000000100000000)
  region size 1024K, 21 young (21504K), 2 survivors (2048K)
 Metaspace       used 33212K, committed 33536K, reserved 1081344K
  class space    used 4210K, committed 4352K, reserved 1048576K
}
Event: 2.306 GC heap after
{Heap after GC invocations=8 (full 0):
 garbage-first heap   total 54272K, used 20581K [0x00000000c1e00000, 0x0000000100000000)
  region size 1024K, 3 young (3072K), 3 survivors (3072K)
 Metaspace       used 33212K, committed 33536K, reserved 1081344K
  class space    used 4210K, committed 4352K, reserved 1048576K
}
Event: 2.343 GC heap before
{Heap before GC invocations=8 (full 0):
 garbage-first heap   total 54272K, used 36965K [0x00000000c1e00000, 0x0000000100000000)
  region size 1024K, 20 young (20480K), 3 survivors (3072K)
 Metaspace       used 33318K, committed 33600K, reserved 1081344K
  class space    used 4229K, committed 4352K, reserved 1048576K
}
Event: 2.348 GC heap after
{Heap after GC invocations=9 (full 0):
 garbage-first heap   total 54272K, used 24198K [0x00000000c1e00000, 0x0000000100000000)
  region size 1024K, 3 young (3072K), 3 survivors (3072K)
 Metaspace       used 33318K, committed 33600K, reserved 1081344K
  class space    used 4229K, committed 4352K, reserved 1048576K
}

