# JRE version: OpenJDK Runtime Environment Temurin-17.0.4.1+1 (17.0.4.1+1) (build 17.0.4.1+1)
# Java VM: OpenJDK 64-Bit Server VM Temurin-17.0.4.1+1 (17.0.4.1+1, mixed mode, emulated-client, tiered, compressed oops, compressed class ptrs, g1 gc, windows-amd64)
GC Precious Log:
 CPUs: 8 total, 8 available
 Memory: 3971M
 Large Page Support: Disabled
 NUMA Support: Disabled
 Compressed Oops: Enabled (32-bit)
 Heap Region Size: 1M
 Heap Min Capacity: 8M
 Heap Initial Capacity: 64M
 Heap Max Capacity: 994M
 Pre-touch: Disabled
 Parallel Workers: 8
 Concurrent Workers: 2
 Concurrent Refinement Workers: 8
 Periodic GC: Disabled
Heap:
 garbage-first heap   total 216064K, used 84869K [0x00000000c1e00000, 0x0000000100000000)
  region size 1024K, 7 young (7168K), 7 survivors (7168K)
 Metaspace       used 38865K, committed 39168K, reserved 1089536K
  class space    used 4905K, committed 5056K, reserved 1048576K
GC Heap History (20 events):
Event: 3.333 GC heap after
{Heap after GC invocations=12 (full 0):
 garbage-first heap   total 84992K, used 31681K [0x00000000c1e00000, 0x0000000100000000)
  region size 1024K, 1 young (1024K), 1 survivors (1024K)
 Metaspace       used 35949K, committed 36160K, reserved 1081344K
  class space    used 4640K, committed 4736K, reserved 1048576K
}
Event: 3.412 GC heap before
{Heap before GC invocations=13 (full 0):
 garbage-first heap   total 84992K, used 60353K [0x00000000c1e00000, 0x0000000100000000)
  region size 1024K, 30 young (30720K), 1 survivors (1024K)
 Metaspace       used 36609K, committed 36992K, reserved 1081344K
  class space    used 4711K, committed 4864K, reserved 1048576K
}
Event: 3.417 GC heap after
{Heap after GC invocations=14 (full 0):
 garbage-first heap   total 84992K, used 36116K [0x00000000c1e00000, 0x0000000100000000)
  region size 1024K, 4 young (4096K), 4 survivors (4096K)
 Metaspace       used 36609K, committed 36992K, reserved 1081344K
  class space    used 4711K, committed 4864K, reserved 1048576K
}
Event: 3.419 GC heap before
{Heap before GC invocations=14 (full 0):
 garbage-first heap   total 84992K, used 37140K [0x00000000c1e00000, 0x0000000100000000)
  region size 1024K, 5 young (5120K), 4 survivors (4096K)
 Metaspace       used 36609K, committed 36992K, reserved 1081344K
  class space    used 4711K, committed 4864K, reserved 1048576K
}
Event: 3.422 GC heap after
{Heap after GC invocations=15 (full 0):
 garbage-first heap   total 84992K, used 35956K [0x00000000c1e00000, 0x0000000100000000)
  region size 1024K, 1 young (1024K), 1 survivors (1024K)
 Metaspace       used 36609K, committed 36992K, reserved 1081344K
  class space    used 4711K, committed 4864K, reserved 1048576K
}
Event: 3.481 GC heap before
{Heap before GC invocations=15 (full 0):
 garbage-first heap   total 84992K, used 61556K [0x00000000c1e00000, 0x0000000100000000)
  region size 1024K, 27 young (27648K), 1 survivors (1024K)
 Metaspace       used 36971K, committed 37312K, reserved 1081344K
  class space    used 4732K, committed 4864K, reserved 1048576K
}
Event: 3.488 GC heap after
{Heap after GC invocations=16 (full 0):
 garbage-first heap   total 84992K, used 42494K [0x00000000c1e00000, 0x0000000100000000)
  region size 1024K, 4 young (4096K), 4 survivors (4096K)
 Metaspace       used 36971K, committed 37312K, reserved 1081344K
  class space    used 4732K, committed 4864K, reserved 1048576K
}
Event: 3.538 GC heap before
{Heap before GC invocations=16 (full 0):
 garbage-first heap   total 84992K, used 61950K [0x00000000c1e00000, 0x0000000100000000)
  region size 1024K, 24 young (24576K), 4 survivors (4096K)
 Metaspace       used 37463K, committed 37760K, reserved 1089536K
  class space    used 4743K, committed 4864K, reserved 1048576K
}
Event: 3.548 GC heap after
{Heap after GC invocations=17 (full 0):
 garbage-first heap   total 216064K, used 46739K [0x00000000c1e00000, 0x0000000100000000)
  region size 1024K, 3 young (3072K), 3 survivors (3072K)
 Metaspace       used 37463K, committed 37760K, reserved 1089536K
  class space    used 4743K, committed 4864K, reserved 1048576K
}
Event: 3.967 GC heap before
{Heap before GC invocations=18 (full 0):
 garbage-first heap   total 191488K, used 136851K [0x00000000c1e00000, 0x0000000100000000)
  region size 1024K, 89 young (91136K), 3 survivors (3072K)
 Metaspace       used 38731K, committed 39104K, reserved 1089536K
  class space    used 4887K, committed 5056K, reserved 1048576K
}
Event: 4.038 GC heap after
{Heap after GC invocations=19 (full 0):
 garbage-first heap   total 191488K, used 71182K [0x00000000c1e00000, 0x0000000100000000)
  region size 1024K, 12 young (12288K), 12 survivors (12288K)
 Metaspace       used 38731K, committed 39104K, reserved 1089536K
  class space    used 4887K, committed 5056K, reserved 1048576K
}
Event: 4.040 GC heap before
{Heap before GC invocations=19 (full 0):
 garbage-first heap   total 191488K, used 71182K [0x00000000c1e00000, 0x0000000100000000)
  region size 1024K, 13 young (13312K), 12 survivors (12288K)
 Metaspace       used 38731K, committed 39104K, reserved 1089536K
  class space    used 4887K, committed 5056K, reserved 1048576K
}
Event: 4.053 GC heap after
{Heap after GC invocations=20 (full 0):
 garbage-first heap   total 191488K, used 73131K [0x00000000c1e00000, 0x0000000100000000)
  region size 1024K, 2 young (2048K), 2 survivors (2048K)
 Metaspace       used 38731K, committed 39104K, reserved 1089536K
  class space    used 4887K, committed 5056K, reserved 1048576K
}
Event: 4.150 GC heap before
{Heap before GC invocations=20 (full 0):
 garbage-first heap   total 191488K, used 121259K [0x00000000c1e00000, 0x0000000100000000)
  region size 1024K, 50 young (51200K), 2 survivors (2048K)
 Metaspace       used 38820K, committed 39168K, reserved 1089536K
  class space    used 4899K, committed 5056K, reserved 1048576K
}
Event: 4.153 GC heap after
{Heap after GC invocations=21 (full 0):
 garbage-first heap   total 191488K, used 74827K [0x00000000c1e00000, 0x0000000100000000)
  region size 1024K, 3 young (3072K), 3 survivors (3072K)
 Metaspace       used 38820K, committed 39168K, reserved 1089536K
  class space    used 4899K, committed 5056K, reserved 1048576K
}
Event: 4.185 GC heap before
{Heap before GC invocations=21 (full 0):
 garbage-first heap   total 191488K, used 127051K [0x00000000c1e00000, 0x0000000100000000)
  region size 1024K, 55 young (56320K), 3 survivors (3072K)
 Metaspace       used 38820K, committed 39168K, reserved 1089536K
  class space    used 4899K, committed 5056K, reserved 1048576K
}
Event: 4.188 GC heap after
{Heap after GC invocations=22 (full 0):
 garbage-first heap   total 191488K, used 77764K [0x00000000c1e00000, 0x0000000100000000)
  region size 1024K, 6 young (6144K), 6 survivors (6144K)
 Metaspace       used 38820K, committed 39168K, reserved 1089536K
  class space    used 4899K, committed 5056K, reserved 1048576K
}
Event: 4.309 GC heap before
{Heap before GC invocations=22 (full 0):
 garbage-first heap   total 191488K, used 135108K [0x00000000c1e00000, 0x0000000100000000)
  region size 1024K, 63 young (64512K), 6 survivors (6144K)
 Metaspace       used 38820K, committed 39168K, reserved 1089536K
  class space    used 4899K, committed 5056K, reserved 1048576K
}
Event: 4.315 GC heap after
{Heap after GC invocations=23 (full 0):
 garbage-first heap   total 191488K, used 81105K [0x00000000c1e00000, 0x0000000100000000)
  region size 1024K, 7 young (7168K), 7 survivors (7168K)
 Metaspace       used 38820K, committed 39168K, reserved 1089536K
  class space    used 4899K, committed 5056K, reserved 1048576K
}
Event: 4.354 GC heap before
{Heap before GC invocations=23 (full 0):
 garbage-first heap   total 191488K, used 140497K [0x00000000c1e00000, 0x0000000100000000)
  region size 1024K, 66 young (67584K), 7 survivors (7168K)
 Metaspace       used 38865K, committed 39168K, reserved 1089536K
  class space    used 4905K, committed 5056K, reserved 1048576K
}

