# JRE version: OpenJDK Runtime Environment Temurin-17.0.4.1+1 (17.0.4.1+1) (build 17.0.4.1+1)
# Java VM: OpenJDK 64-Bit Server VM Temurin-17.0.4.1+1 (17.0.4.1+1, mixed mode, emulated-client, tiered, compressed oops, compressed class ptrs, g1 gc, windows-amd64)
GC Precious Log:
 CPUs: 8 total, 8 available
 Memory: 3971M
 Large Page Support: Disabled
 NUMA Support: Disabled
 Compressed Oops: Enabled (32-bit)
 Heap Region Size: 1M
 Heap Min Capacity: 8M
 Heap Initial Capacity: 64M
 Heap Max Capacity: 994M
 Pre-touch: Disabled
 Parallel Workers: 8
 Concurrent Workers: 2
 Concurrent Refinement Workers: 8
 Periodic GC: Disabled
Heap:
 garbage-first heap   total 119808K, used 36128K [0x00000000c1e00000, 0x0000000100000000)
  region size 1024K, 1 young (1024K), 0 survivors (0K)
 Metaspace       used 53455K, committed 53888K, reserved 1097728K
  class space    used 7051K, committed 7232K, reserved 1048576K
GC Heap History (20 events):
Event: 2730.097 GC heap before
{Heap before GC invocations=272 (full 235):
 garbage-first heap   total 119808K, used 36128K [0x00000000c1e00000, 0x0000000100000000)
  region size 1024K, 1 young (1024K), 0 survivors (0K)
 Metaspace       used 53432K, committed 53888K, reserved 1097728K
  class space    used 7047K, committed 7232K, reserved 1048576K
}
Event: 2730.178 GC heap after
{Heap after GC invocations=273 (full 236):
 garbage-first heap   total 119808K, used 36128K [0x00000000c1e00000, 0x0000000100000000)
  region size 1024K, 0 young (0K), 0 survivors (0K)
 Metaspace       used 53432K, committed 53888K, reserved 1097728K
  class space    used 7047K, committed 7232K, reserved 1048576K
}
Event: 2740.375 GC heap before
{Heap before GC invocations=273 (full 236):
 garbage-first heap   total 119808K, used 36128K [0x00000000c1e00000, 0x0000000100000000)
  region size 1024K, 1 young (1024K), 0 survivors (0K)
 Metaspace       used 53432K, committed 53888K, reserved 1097728K
  class space    used 7047K, committed 7232K, reserved 1048576K
}
Event: 2740.425 GC heap after
{Heap after GC invocations=274 (full 237):
 garbage-first heap   total 119808K, used 36128K [0x00000000c1e00000, 0x0000000100000000)
  region size 1024K, 0 young (0K), 0 survivors (0K)
 Metaspace       used 53432K, committed 53888K, reserved 1097728K
  class space    used 7047K, committed 7232K, reserved 1048576K
}
Event: 2750.555 GC heap before
{Heap before GC invocations=274 (full 237):
 garbage-first heap   total 119808K, used 36128K [0x00000000c1e00000, 0x0000000100000000)
  region size 1024K, 1 young (1024K), 0 survivors (0K)
 Metaspace       used 53432K, committed 53888K, reserved 1097728K
  class space    used 7047K, committed 7232K, reserved 1048576K
}
Event: 2750.599 GC heap after
{Heap after GC invocations=275 (full 238):
 garbage-first heap   total 119808K, used 36128K [0x00000000c1e00000, 0x0000000100000000)
  region size 1024K, 0 young (0K), 0 survivors (0K)
 Metaspace       used 53432K, committed 53888K, reserved 1097728K
  class space    used 7047K, committed 7232K, reserved 1048576K
}
Event: 2760.742 GC heap before
{Heap before GC invocations=275 (full 238):
 garbage-first heap   total 119808K, used 36128K [0x00000000c1e00000, 0x0000000100000000)
  region size 1024K, 1 young (1024K), 0 survivors (0K)
 Metaspace       used 53432K, committed 53888K, reserved 1097728K
  class space    used 7047K, committed 7232K, reserved 1048576K
}
Event: 2760.779 GC heap after
{Heap after GC invocations=276 (full 239):
 garbage-first heap   total 119808K, used 36128K [0x00000000c1e00000, 0x0000000100000000)
  region size 1024K, 0 young (0K), 0 survivors (0K)
 Metaspace       used 53432K, committed 53888K, reserved 1097728K
  class space    used 7047K, committed 7232K, reserved 1048576K
}
Event: 2770.942 GC heap before
{Heap before GC invocations=276 (full 239):
 garbage-first heap   total 119808K, used 36128K [0x00000000c1e00000, 0x0000000100000000)
  region size 1024K, 1 young (1024K), 0 survivors (0K)
 Metaspace       used 53432K, committed 53888K, reserved 1097728K
  class space    used 7047K, committed 7232K, reserved 1048576K
}
Event: 2770.993 GC heap after
{Heap after GC invocations=277 (full 240):
 garbage-first heap   total 119808K, used 36128K [0x00000000c1e00000, 0x0000000100000000)
  region size 1024K, 0 young (0K), 0 survivors (0K)
 Metaspace       used 53432K, committed 53888K, reserved 1097728K
  class space    used 7047K, committed 7232K, reserved 1048576K
}
Event: 2781.394 GC heap before
{Heap before GC invocations=277 (full 240):
 garbage-first heap   total 119808K, used 36128K [0x00000000c1e00000, 0x0000000100000000)
  region size 1024K, 1 young (1024K), 0 survivors (0K)
 Metaspace       used 53432K, committed 53888K, reserved 1097728K
  class space    used 7047K, committed 7232K, reserved 1048576K
}
Event: 2781.514 GC heap after
{Heap after GC invocations=278 (full 241):
 garbage-first heap   total 119808K, used 36128K [0x00000000c1e00000, 0x0000000100000000)
  region size 1024K, 0 young (0K), 0 survivors (0K)
 Metaspace       used 53432K, committed 53888K, reserved 1097728K
  class space    used 7047K, committed 7232K, reserved 1048576K
}
Event: 2791.837 GC heap before
{Heap before GC invocations=278 (full 241):
 garbage-first heap   total 119808K, used 36128K [0x00000000c1e00000, 0x0000000100000000)
  region size 1024K, 1 young (1024K), 0 survivors (0K)
 Metaspace       used 53432K, committed 53888K, reserved 1097728K
  class space    used 7047K, committed 7232K, reserved 1048576K
}
Event: 2791.884 GC heap after
{Heap after GC invocations=279 (full 242):
 garbage-first heap   total 119808K, used 36128K [0x00000000c1e00000, 0x0000000100000000)
  region size 1024K, 0 young (0K), 0 survivors (0K)
 Metaspace       used 53432K, committed 53888K, reserved 1097728K
  class space    used 7047K, committed 7232K, reserved 1048576K
}
Event: 2802.111 GC heap before
{Heap before GC invocations=279 (full 242):
 garbage-first heap   total 119808K, used 36128K [0x00000000c1e00000, 0x0000000100000000)
  region size 1024K, 1 young (1024K), 0 survivors (0K)
 Metaspace       used 53432K, committed 53888K, reserved 1097728K
  class space    used 7047K, committed 7232K, reserved 1048576K
}
Event: 2802.168 GC heap after
{Heap after GC invocations=280 (full 243):
 garbage-first heap   total 119808K, used 36128K [0x00000000c1e00000, 0x0000000100000000)
  region size 1024K, 0 young (0K), 0 survivors (0K)
 Metaspace       used 53432K, committed 53888K, reserved 1097728K
  class space    used 7047K, committed 7232K, reserved 1048576K
}
Event: 2812.373 GC heap before
{Heap before GC invocations=280 (full 243):
 garbage-first heap   total 119808K, used 36128K [0x00000000c1e00000, 0x0000000100000000)
  region size 1024K, 1 young (1024K), 0 survivors (0K)
 Metaspace       used 53432K, committed 53888K, reserved 1097728K
  class space    used 7047K, committed 7232K, reserved 1048576K
}
Event: 2812.424 GC heap after
{Heap after GC invocations=281 (full 244):
 garbage-first heap   total 119808K, used 36128K [0x00000000c1e00000, 0x0000000100000000)
  region size 1024K, 0 young (0K), 0 survivors (0K)
 Metaspace       used 53432K, committed 53888K, reserved 1097728K
  class space    used 7047K, committed 7232K, reserved 1048576K
}
Event: 2823.550 GC heap before
{Heap before GC invocations=281 (full 244):
 garbage-first heap   total 119808K, used 36128K [0x00000000c1e00000, 0x0000000100000000)
  region size 1024K, 1 young (1024K), 0 survivors (0K)
 Metaspace       used 53432K, committed 53888K, reserved 1097728K
  class space    used 7047K, committed 7232K, reserved 1048576K
}
Event: 2823.597 GC heap after
{Heap after GC invocations=282 (full 245):
 garbage-first heap   total 119808K, used 36128K [0x00000000c1e00000, 0x0000000100000000)
  region size 1024K, 0 young (0K), 0 survivors (0K)
 Metaspace       used 53432K, committed 53888K, reserved 1097728K
  class space    used 7047K, committed 7232K, reserved 1048576K
}

