# JRE version: OpenJDK Runtime Environment Temurin-17.0.4.1+1 (17.0.4.1+1) (build 17.0.4.1+1)
# Java VM: OpenJDK 64-Bit Server VM Temurin-17.0.4.1+1 (17.0.4.1+1, mixed mode, emulated-client, tiered, compressed oops, compressed class ptrs, g1 gc, windows-amd64)
GC Precious Log:
 CPUs: 8 total, 8 available
 Memory: 3971M
 Large Page Support: Disabled
 NUMA Support: Disabled
 Compressed Oops: Enabled (32-bit)
 Heap Region Size: 1M
 Heap Min Capacity: 8M
 Heap Initial Capacity: 64M
 Heap Max Capacity: 994M
 Pre-touch: Disabled
 Parallel Workers: 8
 Concurrent Workers: 2
 Concurrent Refinement Workers: 8
 Periodic GC: Disabled
Heap:
 garbage-first heap   total 92160K, used 49928K [0x00000000c1e00000, 0x0000000100000000)
  region size 1024K, 3 young (3072K), 3 survivors (3072K)
 Metaspace       used 35943K, committed 36288K, reserved 1081344K
  class space    used 4686K, committed 4864K, reserved 1048576K
GC Heap History (20 events):
Event: 3.341 GC heap after
{Heap after GC invocations=8 (full 0):
 garbage-first heap   total 54272K, used 20734K [0x00000000c1e00000, 0x0000000100000000)
  region size 1024K, 3 young (3072K), 3 survivors (3072K)
 Metaspace       used 33349K, committed 33600K, reserved 1081344K
  class space    used 4239K, committed 4352K, reserved 1048576K
}
Event: 3.456 GC heap before
{Heap before GC invocations=8 (full 0):
 garbage-first heap   total 54272K, used 37118K [0x00000000c1e00000, 0x0000000100000000)
  region size 1024K, 20 young (20480K), 3 survivors (3072K)
 Metaspace       used 33349K, committed 33600K, reserved 1081344K
  class space    used 4239K, committed 4352K, reserved 1048576K
}
Event: 3.461 GC heap after
{Heap after GC invocations=9 (full 0):
 garbage-first heap   total 54272K, used 24768K [0x00000000c1e00000, 0x0000000100000000)
  region size 1024K, 3 young (3072K), 3 survivors (3072K)
 Metaspace       used 33349K, committed 33600K, reserved 1081344K
  class space    used 4239K, committed 4352K, reserved 1048576K
}
Event: 3.529 GC heap before
{Heap before GC invocations=9 (full 0):
 garbage-first heap   total 54272K, used 39104K [0x00000000c1e00000, 0x0000000100000000)
  region size 1024K, 17 young (17408K), 3 survivors (3072K)
 Metaspace       used 33796K, committed 34112K, reserved 1081344K
  class space    used 4307K, committed 4480K, reserved 1048576K
}
Event: 3.534 GC heap after
{Heap after GC invocations=10 (full 0):
 garbage-first heap   total 54272K, used 27573K [0x00000000c1e00000, 0x0000000100000000)
  region size 1024K, 3 young (3072K), 3 survivors (3072K)
 Metaspace       used 33796K, committed 34112K, reserved 1081344K
  class space    used 4307K, committed 4480K, reserved 1048576K
}
Event: 3.573 GC heap before
{Heap before GC invocations=10 (full 0):
 garbage-first heap   total 54272K, used 39861K [0x00000000c1e00000, 0x0000000100000000)
  region size 1024K, 15 young (15360K), 3 survivors (3072K)
 Metaspace       used 34070K, committed 34432K, reserved 1081344K
  class space    used 4346K, committed 4544K, reserved 1048576K
}
Event: 3.577 GC heap after
{Heap after GC invocations=11 (full 0):
 garbage-first heap   total 75776K, used 29828K [0x00000000c1e00000, 0x0000000100000000)
  region size 1024K, 2 young (2048K), 2 survivors (2048K)
 Metaspace       used 34070K, committed 34432K, reserved 1081344K
  class space    used 4346K, committed 4544K, reserved 1048576K
}
Event: 3.643 GC heap before
{Heap before GC invocations=12 (full 0):
 garbage-first heap   total 75776K, used 54404K [0x00000000c1e00000, 0x0000000100000000)
  region size 1024K, 26 young (26624K), 2 survivors (2048K)
 Metaspace       used 34431K, committed 34752K, reserved 1081344K
  class space    used 4404K, committed 4608K, reserved 1048576K
}
Event: 3.648 GC heap after
{Heap after GC invocations=13 (full 0):
 garbage-first heap   total 75776K, used 33975K [0x00000000c1e00000, 0x0000000100000000)
  region size 1024K, 4 young (4096K), 4 survivors (4096K)
 Metaspace       used 34431K, committed 34752K, reserved 1081344K
  class space    used 4404K, committed 4608K, reserved 1048576K
}
Event: 3.650 GC heap before
{Heap before GC invocations=13 (full 0):
 garbage-first heap   total 75776K, used 34999K [0x00000000c1e00000, 0x0000000100000000)
  region size 1024K, 5 young (5120K), 4 survivors (4096K)
 Metaspace       used 34452K, committed 34816K, reserved 1081344K
  class space    used 4406K, committed 4608K, reserved 1048576K
}
Event: 3.653 GC heap after
{Heap after GC invocations=14 (full 0):
 garbage-first heap   total 75776K, used 34087K [0x00000000c1e00000, 0x0000000100000000)
  region size 1024K, 1 young (1024K), 1 survivors (1024K)
 Metaspace       used 34452K, committed 34816K, reserved 1081344K
  class space    used 4406K, committed 4608K, reserved 1048576K
}
Event: 3.685 GC heap before
{Heap before GC invocations=14 (full 0):
 garbage-first heap   total 75776K, used 55591K [0x00000000c1e00000, 0x0000000100000000)
  region size 1024K, 22 young (22528K), 1 survivors (1024K)
 Metaspace       used 34488K, committed 34816K, reserved 1081344K
  class space    used 4412K, committed 4608K, reserved 1048576K
}
Event: 3.691 GC heap after
{Heap after GC invocations=15 (full 0):
 garbage-first heap   total 75776K, used 39624K [0x00000000c1e00000, 0x0000000100000000)
  region size 1024K, 3 young (3072K), 3 survivors (3072K)
 Metaspace       used 34488K, committed 34816K, reserved 1081344K
  class space    used 4412K, committed 4608K, reserved 1048576K
}
Event: 3.716 GC heap before
{Heap before GC invocations=15 (full 0):
 garbage-first heap   total 75776K, used 56008K [0x00000000c1e00000, 0x0000000100000000)
  region size 1024K, 19 young (19456K), 3 survivors (3072K)
 Metaspace       used 34613K, committed 34944K, reserved 1081344K
  class space    used 4431K, committed 4608K, reserved 1048576K
}
Event: 3.722 GC heap after
{Heap after GC invocations=16 (full 0):
 garbage-first heap   total 75776K, used 43593K [0x00000000c1e00000, 0x0000000100000000)
  region size 1024K, 3 young (3072K), 3 survivors (3072K)
 Metaspace       used 34613K, committed 34944K, reserved 1081344K
  class space    used 4431K, committed 4608K, reserved 1048576K
}
Event: 4.985 GC heap before
{Heap before GC invocations=17 (full 0):
 garbage-first heap   total 92160K, used 55881K [0x00000000c1e00000, 0x0000000100000000)
  region size 1024K, 16 young (16384K), 3 survivors (3072K)
 Metaspace       used 34902K, committed 35264K, reserved 1081344K
  class space    used 4480K, committed 4672K, reserved 1048576K
}
Event: 4.991 GC heap after
{Heap after GC invocations=18 (full 0):
 garbage-first heap   total 92160K, used 47396K [0x00000000c1e00000, 0x0000000100000000)
  region size 1024K, 2 young (2048K), 2 survivors (2048K)
 Metaspace       used 34902K, committed 35264K, reserved 1081344K
  class space    used 4480K, committed 4672K, reserved 1048576K
}
Event: 5.031 GC heap before
{Heap before GC invocations=18 (full 0):
 garbage-first heap   total 92160K, used 49444K [0x00000000c1e00000, 0x0000000100000000)
  region size 1024K, 4 young (4096K), 2 survivors (2048K)
 Metaspace       used 35129K, committed 35456K, reserved 1081344K
  class space    used 4527K, committed 4672K, reserved 1048576K
}
Event: 5.033 GC heap after
{Heap after GC invocations=19 (full 0):
 garbage-first heap   total 92160K, used 47863K [0x00000000c1e00000, 0x0000000100000000)
  region size 1024K, 1 young (1024K), 1 survivors (1024K)
 Metaspace       used 35129K, committed 35456K, reserved 1081344K
  class space    used 4527K, committed 4672K, reserved 1048576K
}
Event: 5.163 GC heap before
{Heap before GC invocations=19 (full 0):
 garbage-first heap   total 92160K, used 59127K [0x00000000c1e00000, 0x0000000100000000)
  region size 1024K, 14 young (14336K), 1 survivors (1024K)
 Metaspace       used 35943K, committed 36288K, reserved 1081344K
  class space    used 4686K, committed 4864K, reserved 1048576K
}

