# JRE version: OpenJDK Runtime Environment Temurin-17.0.4.1+1 (17.0.4.1+1) (build 17.0.4.1+1)
# Java VM: OpenJDK 64-Bit Server VM Temurin-17.0.4.1+1 (17.0.4.1+1, mixed mode, emulated-client, tiered, compressed oops, compressed class ptrs, g1 gc, windows-amd64)
GC Precious Log:
 CPUs: 8 total, 8 available
 Memory: 3971M
 Large Page Support: Disabled
 NUMA Support: Disabled
 Compressed Oops: Enabled (32-bit)
 Heap Region Size: 1M
 Heap Min Capacity: 8M
 Heap Initial Capacity: 64M
 Heap Max Capacity: 994M
 Pre-touch: Disabled
 Parallel Workers: 8
 Concurrent Workers: 2
 Concurrent Refinement Workers: 8
 Periodic GC: Disabled
Heap:
 garbage-first heap   total 215040K, used 77353K [0x00000000c1e00000, 0x0000000100000000)
  region size 1024K, 7 young (7168K), 7 survivors (7168K)
 Metaspace       used 36344K, committed 36672K, reserved 1081344K
  class space    used 4679K, committed 4864K, reserved 1048576K
GC Heap History (20 events):
Event: 3.615 GC heap after
{Heap after GC invocations=11 (full 0):
 garbage-first heap   total 84992K, used 31090K [0x00000000c1e00000, 0x0000000100000000)
  region size 1024K, 2 young (2048K), 2 survivors (2048K)
 Metaspace       used 35417K, committed 35712K, reserved 1081344K
  class space    used 4587K, committed 4736K, reserved 1048576K
}
Event: 3.702 GC heap before
{Heap before GC invocations=12 (full 0):
 garbage-first heap   total 84992K, used 58737K [0x00000000c1e00000, 0x0000000100000000)
  region size 1024K, 29 young (29696K), 2 survivors (2048K)
 Metaspace       used 35417K, committed 35712K, reserved 1081344K
  class space    used 4587K, committed 4736K, reserved 1048576K
}
Event: 3.710 GC heap after
{Heap after GC invocations=13 (full 0):
 garbage-first heap   total 84992K, used 35933K [0x00000000c1e00000, 0x0000000100000000)
  region size 1024K, 4 young (4096K), 4 survivors (4096K)
 Metaspace       used 35417K, committed 35712K, reserved 1081344K
  class space    used 4587K, committed 4736K, reserved 1048576K
}
Event: 3.713 GC heap before
{Heap before GC invocations=13 (full 0):
 garbage-first heap   total 84992K, used 36957K [0x00000000c1e00000, 0x0000000100000000)
  region size 1024K, 5 young (5120K), 4 survivors (4096K)
 Metaspace       used 35417K, committed 35712K, reserved 1081344K
  class space    used 4587K, committed 4736K, reserved 1048576K
}
Event: 3.717 GC heap after
{Heap after GC invocations=14 (full 0):
 garbage-first heap   total 84992K, used 36001K [0x00000000c1e00000, 0x0000000100000000)
  region size 1024K, 1 young (1024K), 1 survivors (1024K)
 Metaspace       used 35417K, committed 35712K, reserved 1081344K
  class space    used 4587K, committed 4736K, reserved 1048576K
}
Event: 3.767 GC heap before
{Heap before GC invocations=14 (full 0):
 garbage-first heap   total 84992K, used 60577K [0x00000000c1e00000, 0x0000000100000000)
  region size 1024K, 25 young (25600K), 1 survivors (1024K)
 Metaspace       used 35424K, committed 35712K, reserved 1081344K
  class space    used 4591K, committed 4736K, reserved 1048576K
}
Event: 3.776 GC heap after
{Heap after GC invocations=15 (full 0):
 garbage-first heap   total 84992K, used 43093K [0x00000000c1e00000, 0x0000000100000000)
  region size 1024K, 4 young (4096K), 4 survivors (4096K)
 Metaspace       used 35424K, committed 35712K, reserved 1081344K
  class space    used 4591K, committed 4736K, reserved 1048576K
}
Event: 3.822 GC heap before
{Heap before GC invocations=15 (full 0):
 garbage-first heap   total 84992K, used 61525K [0x00000000c1e00000, 0x0000000100000000)
  region size 1024K, 22 young (22528K), 4 survivors (4096K)
 Metaspace       used 35424K, committed 35712K, reserved 1081344K
  class space    used 4591K, committed 4736K, reserved 1048576K
}
Event: 3.829 GC heap after
{Heap after GC invocations=16 (full 0):
 garbage-first heap   total 84992K, used 46357K [0x00000000c1e00000, 0x0000000100000000)
  region size 1024K, 3 young (3072K), 3 survivors (3072K)
 Metaspace       used 35424K, committed 35712K, reserved 1081344K
  class space    used 4591K, committed 4736K, reserved 1048576K
}
Event: 4.063 GC heap before
{Heap before GC invocations=17 (full 0):
 garbage-first heap   total 87040K, used 63765K [0x00000000c1e00000, 0x0000000100000000)
  region size 1024K, 20 young (20480K), 3 survivors (3072K)
 Metaspace       used 35426K, committed 35712K, reserved 1081344K
  class space    used 4592K, committed 4736K, reserved 1048576K
}
Event: 4.072 GC heap after
{Heap after GC invocations=18 (full 0):
 garbage-first heap   total 87040K, used 53172K [0x00000000c1e00000, 0x0000000100000000)
  region size 1024K, 3 young (3072K), 3 survivors (3072K)
 Metaspace       used 35426K, committed 35712K, reserved 1081344K
  class space    used 4592K, committed 4736K, reserved 1048576K
}
Event: 4.076 GC heap before
{Heap before GC invocations=18 (full 0):
 garbage-first heap   total 87040K, used 54196K [0x00000000c1e00000, 0x0000000100000000)
  region size 1024K, 4 young (4096K), 3 survivors (3072K)
 Metaspace       used 35426K, committed 35712K, reserved 1081344K
  class space    used 4592K, committed 4736K, reserved 1048576K
}
Event: 4.081 GC heap after
{Heap after GC invocations=19 (full 0):
 garbage-first heap   total 215040K, used 54178K [0x00000000c1e00000, 0x0000000100000000)
  region size 1024K, 1 young (1024K), 1 survivors (1024K)
 Metaspace       used 35426K, committed 35712K, reserved 1081344K
  class space    used 4592K, committed 4736K, reserved 1048576K
}
Event: 4.474 GC heap before
{Heap before GC invocations=19 (full 0):
 garbage-first heap   total 215040K, used 137122K [0x00000000c1e00000, 0x0000000100000000)
  region size 1024K, 82 young (83968K), 1 survivors (1024K)
 Metaspace       used 35732K, committed 36032K, reserved 1081344K
  class space    used 4640K, committed 4800K, reserved 1048576K
}
Event: 4.507 GC heap after
{Heap after GC invocations=20 (full 0):
 garbage-first heap   total 215040K, used 67433K [0x00000000c1e00000, 0x0000000100000000)
  region size 1024K, 11 young (11264K), 11 survivors (11264K)
 Metaspace       used 35732K, committed 36032K, reserved 1081344K
  class space    used 4640K, committed 4800K, reserved 1048576K
}
Event: 4.571 GC heap before
{Heap before GC invocations=20 (full 0):
 garbage-first heap   total 215040K, used 142185K [0x00000000c1e00000, 0x0000000100000000)
  region size 1024K, 85 young (87040K), 11 survivors (11264K)
 Metaspace       used 35998K, committed 36288K, reserved 1081344K
  class space    used 4660K, committed 4800K, reserved 1048576K
}
Event: 4.582 GC heap after
{Heap after GC invocations=21 (full 0):
 garbage-first heap   total 215040K, used 71284K [0x00000000c1e00000, 0x0000000100000000)
  region size 1024K, 4 young (4096K), 4 survivors (4096K)
 Metaspace       used 35998K, committed 36288K, reserved 1081344K
  class space    used 4660K, committed 4800K, reserved 1048576K
}
Event: 4.645 GC heap before
{Heap before GC invocations=21 (full 0):
 garbage-first heap   total 215040K, used 150132K [0x00000000c1e00000, 0x0000000100000000)
  region size 1024K, 82 young (83968K), 4 survivors (4096K)
 Metaspace       used 36107K, committed 36416K, reserved 1081344K
  class space    used 4664K, committed 4800K, reserved 1048576K
}
Event: 4.649 GC heap after
{Heap after GC invocations=22 (full 0):
 garbage-first heap   total 215040K, used 74275K [0x00000000c1e00000, 0x0000000100000000)
  region size 1024K, 7 young (7168K), 7 survivors (7168K)
 Metaspace       used 36107K, committed 36416K, reserved 1081344K
  class space    used 4664K, committed 4800K, reserved 1048576K
}
Event: 4.736 GC heap before
{Heap before GC invocations=22 (full 0):
 garbage-first heap   total 215040K, used 157219K [0x00000000c1e00000, 0x0000000100000000)
  region size 1024K, 89 young (91136K), 7 survivors (7168K)
 Metaspace       used 36344K, committed 36672K, reserved 1081344K
  class space    used 4679K, committed 4864K, reserved 1048576K
}

