# JRE version: OpenJDK Runtime Environment Temurin-17.0.4.1+1 (17.0.4.1+1) (build 17.0.4.1+1)
# Java VM: OpenJDK 64-Bit Server VM Temurin-17.0.4.1+1 (17.0.4.1+1, mixed mode, emulated-client, tiered, compressed oops, compressed class ptrs, g1 gc, windows-amd64)
GC Precious Log:
 CPUs: 8 total, 8 available
 Memory: 3971M
 Large Page Support: Disabled
 NUMA Support: Disabled
 Compressed Oops: Enabled (32-bit)
 Heap Region Size: 1M
 Heap Min Capacity: 8M
 Heap Initial Capacity: 64M
 Heap Max Capacity: 994M
 Pre-touch: Disabled
 Parallel Workers: 8
 Concurrent Workers: 2
 Concurrent Refinement Workers: 8
 Periodic GC: Disabled
Heap:
 garbage-first heap   total 119808K, used 39184K [0x00000000c1e00000, 0x0000000100000000)
  region size 1024K, 1 young (1024K), 0 survivors (0K)
 Metaspace       used 54922K, committed 55360K, reserved 1097728K
  class space    used 7299K, committed 7488K, reserved 1048576K
GC Heap History (20 events):
Event: 8567.068 GC heap before
{Heap before GC invocations=821 (full 731):
 garbage-first heap   total 119808K, used 39184K [0x00000000c1e00000, 0x0000000100000000)
  region size 1024K, 1 young (1024K), 0 survivors (0K)
 Metaspace       used 54922K, committed 55360K, reserved 1097728K
  class space    used 7299K, committed 7488K, reserved 1048576K
}
Event: 8567.118 GC heap after
{Heap after GC invocations=822 (full 732):
 garbage-first heap   total 119808K, used 39184K [0x00000000c1e00000, 0x0000000100000000)
  region size 1024K, 0 young (0K), 0 survivors (0K)
 Metaspace       used 54922K, committed 55360K, reserved 1097728K
  class space    used 7299K, committed 7488K, reserved 1048576K
}
Event: 8577.468 GC heap before
{Heap before GC invocations=822 (full 732):
 garbage-first heap   total 119808K, used 39184K [0x00000000c1e00000, 0x0000000100000000)
  region size 1024K, 1 young (1024K), 0 survivors (0K)
 Metaspace       used 54922K, committed 55360K, reserved 1097728K
  class space    used 7299K, committed 7488K, reserved 1048576K
}
Event: 8577.547 GC heap after
{Heap after GC invocations=823 (full 733):
 garbage-first heap   total 119808K, used 39184K [0x00000000c1e00000, 0x0000000100000000)
  region size 1024K, 0 young (0K), 0 survivors (0K)
 Metaspace       used 54922K, committed 55360K, reserved 1097728K
  class space    used 7299K, committed 7488K, reserved 1048576K
}
Event: 8587.740 GC heap before
{Heap before GC invocations=823 (full 733):
 garbage-first heap   total 119808K, used 39184K [0x00000000c1e00000, 0x0000000100000000)
  region size 1024K, 1 young (1024K), 0 survivors (0K)
 Metaspace       used 54922K, committed 55360K, reserved 1097728K
  class space    used 7299K, committed 7488K, reserved 1048576K
}
Event: 8587.864 GC heap after
{Heap after GC invocations=824 (full 734):
 garbage-first heap   total 119808K, used 39184K [0x00000000c1e00000, 0x0000000100000000)
  region size 1024K, 0 young (0K), 0 survivors (0K)
 Metaspace       used 54922K, committed 55360K, reserved 1097728K
  class space    used 7299K, committed 7488K, reserved 1048576K
}
Event: 8598.104 GC heap before
{Heap before GC invocations=824 (full 734):
 garbage-first heap   total 119808K, used 39184K [0x00000000c1e00000, 0x0000000100000000)
  region size 1024K, 1 young (1024K), 0 survivors (0K)
 Metaspace       used 54922K, committed 55360K, reserved 1097728K
  class space    used 7299K, committed 7488K, reserved 1048576K
}
Event: 8598.515 GC heap after
{Heap after GC invocations=825 (full 735):
 garbage-first heap   total 119808K, used 39184K [0x00000000c1e00000, 0x0000000100000000)
  region size 1024K, 0 young (0K), 0 survivors (0K)
 Metaspace       used 54922K, committed 55360K, reserved 1097728K
  class space    used 7299K, committed 7488K, reserved 1048576K
}
Event: 8608.671 GC heap before
{Heap before GC invocations=825 (full 735):
 garbage-first heap   total 119808K, used 39184K [0x00000000c1e00000, 0x0000000100000000)
  region size 1024K, 1 young (1024K), 0 survivors (0K)
 Metaspace       used 54922K, committed 55360K, reserved 1097728K
  class space    used 7299K, committed 7488K, reserved 1048576K
}
Event: 8608.722 GC heap after
{Heap after GC invocations=826 (full 736):
 garbage-first heap   total 119808K, used 39184K [0x00000000c1e00000, 0x0000000100000000)
  region size 1024K, 0 young (0K), 0 survivors (0K)
 Metaspace       used 54922K, committed 55360K, reserved 1097728K
  class space    used 7299K, committed 7488K, reserved 1048576K
}
Event: 8618.927 GC heap before
{Heap before GC invocations=826 (full 736):
 garbage-first heap   total 119808K, used 39184K [0x00000000c1e00000, 0x0000000100000000)
  region size 1024K, 1 young (1024K), 0 survivors (0K)
 Metaspace       used 54922K, committed 55360K, reserved 1097728K
  class space    used 7299K, committed 7488K, reserved 1048576K
}
Event: 8619.010 GC heap after
{Heap after GC invocations=827 (full 737):
 garbage-first heap   total 119808K, used 39184K [0x00000000c1e00000, 0x0000000100000000)
  region size 1024K, 0 young (0K), 0 survivors (0K)
 Metaspace       used 54922K, committed 55360K, reserved 1097728K
  class space    used 7299K, committed 7488K, reserved 1048576K
}
Event: 8629.175 GC heap before
{Heap before GC invocations=827 (full 737):
 garbage-first heap   total 119808K, used 39184K [0x00000000c1e00000, 0x0000000100000000)
  region size 1024K, 1 young (1024K), 0 survivors (0K)
 Metaspace       used 54922K, committed 55360K, reserved 1097728K
  class space    used 7299K, committed 7488K, reserved 1048576K
}
Event: 8629.367 GC heap after
{Heap after GC invocations=828 (full 738):
 garbage-first heap   total 119808K, used 39184K [0x00000000c1e00000, 0x0000000100000000)
  region size 1024K, 0 young (0K), 0 survivors (0K)
 Metaspace       used 54922K, committed 55360K, reserved 1097728K
  class space    used 7299K, committed 7488K, reserved 1048576K
}
Event: 8639.518 GC heap before
{Heap before GC invocations=828 (full 738):
 garbage-first heap   total 119808K, used 39184K [0x00000000c1e00000, 0x0000000100000000)
  region size 1024K, 1 young (1024K), 0 survivors (0K)
 Metaspace       used 54922K, committed 55360K, reserved 1097728K
  class space    used 7299K, committed 7488K, reserved 1048576K
}
Event: 8639.761 GC heap after
{Heap after GC invocations=829 (full 739):
 garbage-first heap   total 119808K, used 39184K [0x00000000c1e00000, 0x0000000100000000)
  region size 1024K, 0 young (0K), 0 survivors (0K)
 Metaspace       used 54922K, committed 55360K, reserved 1097728K
  class space    used 7299K, committed 7488K, reserved 1048576K
}
Event: 8649.932 GC heap before
{Heap before GC invocations=829 (full 739):
 garbage-first heap   total 119808K, used 39184K [0x00000000c1e00000, 0x0000000100000000)
  region size 1024K, 1 young (1024K), 0 survivors (0K)
 Metaspace       used 54922K, committed 55360K, reserved 1097728K
  class space    used 7299K, committed 7488K, reserved 1048576K
}
Event: 8650.081 GC heap after
{Heap after GC invocations=830 (full 740):
 garbage-first heap   total 119808K, used 39184K [0x00000000c1e00000, 0x0000000100000000)
  region size 1024K, 0 young (0K), 0 survivors (0K)
 Metaspace       used 54922K, committed 55360K, reserved 1097728K
  class space    used 7299K, committed 7488K, reserved 1048576K
}
Event: 8660.219 GC heap before
{Heap before GC invocations=830 (full 740):
 garbage-first heap   total 119808K, used 39184K [0x00000000c1e00000, 0x0000000100000000)
  region size 1024K, 1 young (1024K), 0 survivors (0K)
 Metaspace       used 54922K, committed 55360K, reserved 1097728K
  class space    used 7299K, committed 7488K, reserved 1048576K
}
Event: 8660.264 GC heap after
{Heap after GC invocations=831 (full 741):
 garbage-first heap   total 119808K, used 39184K [0x00000000c1e00000, 0x0000000100000000)
  region size 1024K, 0 young (0K), 0 survivors (0K)
 Metaspace       used 54922K, committed 55360K, reserved 1097728K
  class space    used 7299K, committed 7488K, reserved 1048576K
}

