# JRE version: OpenJDK Runtime Environment Temurin-17.0.4.1+1 (17.0.4.1+1) (build 17.0.4.1+1)
# Java VM: OpenJDK 64-Bit Server VM Temurin-17.0.4.1+1 (17.0.4.1+1, mixed mode, emulated-client, tiered, compressed oops, compressed class ptrs, g1 gc, windows-amd64)
GC Precious Log:
 CPUs: 8 total, 8 available
 Memory: 3971M
 Large Page Support: Disabled
 NUMA Support: Disabled
 Compressed Oops: Enabled (32-bit)
 Heap Region Size: 1M
 Heap Min Capacity: 8M
 Heap Initial Capacity: 64M
 Heap Max Capacity: 994M
 Pre-touch: Disabled
 Parallel Workers: 8
 Concurrent Workers: 2
 Concurrent Refinement Workers: 8
 Periodic GC: Disabled
Heap:
 garbage-first heap   total 66560K, used 38065K [0x00000000c1e00000, 0x0000000100000000)
  region size 1024K, 3 young (3072K), 3 survivors (3072K)
 Metaspace       used 34484K, committed 34816K, reserved 1081344K
  class space    used 4401K, committed 4608K, reserved 1048576K
GC Heap History (20 events):
Event: 3.273 GC heap after
{Heap after GC invocations=3 (full 0):
 garbage-first heap   total 65536K, used 11567K [0x00000000c1e00000, 0x0000000100000000)
  region size 1024K, 1 young (1024K), 1 survivors (1024K)
 Metaspace       used 21289K, committed 21504K, reserved 1073152K
  class space    used 2598K, committed 2688K, reserved 1048576K
}
Event: 3.887 GC heap before
{Heap before GC invocations=4 (full 0):
 garbage-first heap   total 45056K, used 33071K [0x00000000c1e00000, 0x0000000100000000)
  region size 1024K, 24 young (24576K), 1 survivors (1024K)
 Metaspace       used 24789K, committed 25024K, reserved 1073152K
  class space    used 3056K, committed 3136K, reserved 1048576K
}
Event: 3.891 GC heap after
{Heap after GC invocations=5 (full 0):
 garbage-first heap   total 45056K, used 12870K [0x00000000c1e00000, 0x0000000100000000)
  region size 1024K, 3 young (3072K), 3 survivors (3072K)
 Metaspace       used 24789K, committed 25024K, reserved 1073152K
  class space    used 3056K, committed 3136K, reserved 1048576K
}
Event: 3.923 GC heap before
{Heap before GC invocations=5 (full 0):
 garbage-first heap   total 45056K, used 12870K [0x00000000c1e00000, 0x0000000100000000)
  region size 1024K, 4 young (4096K), 3 survivors (3072K)
 Metaspace       used 25044K, committed 25280K, reserved 1073152K
  class space    used 3087K, committed 3200K, reserved 1048576K
}
Event: 3.928 GC heap after
{Heap after GC invocations=6 (full 0):
 garbage-first heap   total 45056K, used 12941K [0x00000000c1e00000, 0x0000000100000000)
  region size 1024K, 1 young (1024K), 1 survivors (1024K)
 Metaspace       used 25044K, committed 25280K, reserved 1073152K
  class space    used 3087K, committed 3200K, reserved 1048576K
}
Event: 4.241 GC heap before
{Heap before GC invocations=6 (full 0):
 garbage-first heap   total 45056K, used 28301K [0x00000000c1e00000, 0x0000000100000000)
  region size 1024K, 17 young (17408K), 1 survivors (1024K)
 Metaspace       used 27902K, committed 28160K, reserved 1081344K
  class space    used 3505K, committed 3648K, reserved 1048576K
}
Event: 4.245 GC heap after
{Heap after GC invocations=7 (full 0):
 garbage-first heap   total 45056K, used 15812K [0x00000000c1e00000, 0x0000000100000000)
  region size 1024K, 3 young (3072K), 3 survivors (3072K)
 Metaspace       used 27902K, committed 28160K, reserved 1081344K
  class space    used 3505K, committed 3648K, reserved 1048576K
}
Event: 4.706 GC heap before
{Heap before GC invocations=7 (full 0):
 garbage-first heap   total 45056K, used 31172K [0x00000000c1e00000, 0x0000000100000000)
  region size 1024K, 18 young (18432K), 3 survivors (3072K)
 Metaspace       used 30751K, committed 31040K, reserved 1081344K
  class space    used 3881K, committed 4032K, reserved 1048576K
}
Event: 4.711 GC heap after
{Heap after GC invocations=8 (full 0):
 garbage-first heap   total 45056K, used 16179K [0x00000000c1e00000, 0x0000000100000000)
  region size 1024K, 2 young (2048K), 2 survivors (2048K)
 Metaspace       used 30751K, committed 31040K, reserved 1081344K
  class space    used 3881K, committed 4032K, reserved 1048576K
}
Event: 4.865 GC heap before
{Heap before GC invocations=8 (full 0):
 garbage-first heap   total 45056K, used 31539K [0x00000000c1e00000, 0x0000000100000000)
  region size 1024K, 17 young (17408K), 2 survivors (2048K)
 Metaspace       used 33067K, committed 33344K, reserved 1081344K
  class space    used 4190K, committed 4288K, reserved 1048576K
}
Event: 4.870 GC heap after
{Heap after GC invocations=9 (full 0):
 garbage-first heap   total 45056K, used 18692K [0x00000000c1e00000, 0x0000000100000000)
  region size 1024K, 3 young (3072K), 3 survivors (3072K)
 Metaspace       used 33067K, committed 33344K, reserved 1081344K
  class space    used 4190K, committed 4288K, reserved 1048576K
}
Event: 4.906 GC heap before
{Heap before GC invocations=9 (full 0):
 garbage-first heap   total 45056K, used 30980K [0x00000000c1e00000, 0x0000000100000000)
  region size 1024K, 16 young (16384K), 3 survivors (3072K)
 Metaspace       used 33164K, committed 33472K, reserved 1081344K
  class space    used 4207K, committed 4352K, reserved 1048576K
}
Event: 4.912 GC heap after
{Heap after GC invocations=10 (full 0):
 garbage-first heap   total 66560K, used 21236K [0x00000000c1e00000, 0x0000000100000000)
  region size 1024K, 2 young (2048K), 2 survivors (2048K)
 Metaspace       used 33164K, committed 33472K, reserved 1081344K
  class space    used 4207K, committed 4352K, reserved 1048576K
}
Event: 4.964 GC heap before
{Heap before GC invocations=10 (full 0):
 garbage-first heap   total 66560K, used 44788K [0x00000000c1e00000, 0x0000000100000000)
  region size 1024K, 26 young (26624K), 2 survivors (2048K)
 Metaspace       used 33354K, committed 33600K, reserved 1081344K
  class space    used 4239K, committed 4352K, reserved 1048576K
}
Event: 4.969 GC heap after
{Heap after GC invocations=11 (full 0):
 garbage-first heap   total 66560K, used 25782K [0x00000000c1e00000, 0x0000000100000000)
  region size 1024K, 4 young (4096K), 4 survivors (4096K)
 Metaspace       used 33354K, committed 33600K, reserved 1081344K
  class space    used 4239K, committed 4352K, reserved 1048576K
}
Event: 5.027 GC heap before
{Heap before GC invocations=11 (full 0):
 garbage-first heap   total 66560K, used 45238K [0x00000000c1e00000, 0x0000000100000000)
  region size 1024K, 24 young (24576K), 4 survivors (4096K)
 Metaspace       used 33980K, committed 34304K, reserved 1081344K
  class space    used 4331K, committed 4480K, reserved 1048576K
}
Event: 5.032 GC heap after
{Heap after GC invocations=12 (full 0):
 garbage-first heap   total 66560K, used 29223K [0x00000000c1e00000, 0x0000000100000000)
  region size 1024K, 3 young (3072K), 3 survivors (3072K)
 Metaspace       used 33980K, committed 34304K, reserved 1081344K
  class space    used 4331K, committed 4480K, reserved 1048576K
}
Event: 5.068 GC heap before
{Heap before GC invocations=12 (full 0):
 garbage-first heap   total 66560K, used 48679K [0x00000000c1e00000, 0x0000000100000000)
  region size 1024K, 22 young (22528K), 3 survivors (3072K)
 Metaspace       used 34330K, committed 34624K, reserved 1081344K
  class space    used 4383K, committed 4544K, reserved 1048576K
}
Event: 5.073 GC heap after
{Heap after GC invocations=13 (full 0):
 garbage-first heap   total 66560K, used 32768K [0x00000000c1e00000, 0x0000000100000000)
  region size 1024K, 3 young (3072K), 3 survivors (3072K)
 Metaspace       used 34330K, committed 34624K, reserved 1081344K
  class space    used 4383K, committed 4544K, reserved 1048576K
}
Event: 5.099 GC heap before
{Heap before GC invocations=13 (full 0):
 garbage-first heap   total 66560K, used 50176K [0x00000000c1e00000, 0x0000000100000000)
  region size 1024K, 20 young (20480K), 3 survivors (3072K)
 Metaspace       used 34484K, committed 34816K, reserved 1081344K
  class space    used 4401K, committed 4608K, reserved 1048576K
}

