# JRE version: OpenJDK Runtime Environment Temurin-17.0.4.1+1 (17.0.4.1+1) (build 17.0.4.1+1)
# Java VM: OpenJDK 64-Bit Server VM Temurin-17.0.4.1+1 (17.0.4.1+1, mixed mode, emulated-client, tiered, compressed oops, compressed class ptrs, g1 gc, windows-amd64)
GC Precious Log:
 CPUs: 8 total, 8 available
 Memory: 3971M
 Large Page Support: Disabled
 NUMA Support: Disabled
 Compressed Oops: Enabled (32-bit)
 Heap Region Size: 1M
 Heap Min Capacity: 8M
 Heap Initial Capacity: 64M
 Heap Max Capacity: 994M
 Pre-touch: Disabled
 Parallel Workers: 8
 Concurrent Workers: 2
 Concurrent Refinement Workers: 8
 Periodic GC: Disabled
Heap:
 garbage-first heap   total 194560K, used 78567K [0x00000000c1e00000, 0x0000000100000000)
  region size 1024K, 6 young (6144K), 6 survivors (6144K)
 Metaspace       used 38819K, committed 39168K, reserved 1089536K
  class space    used 4897K, committed 5056K, reserved 1048576K
GC Heap History (20 events):
Event: 2.771 GC heap after
{Heap after GC invocations=10 (full 0):
 garbage-first heap   total 76800K, used 28427K [0x00000000c1e00000, 0x0000000100000000)
  region size 1024K, 3 young (3072K), 3 survivors (3072K)
 Metaspace       used 35479K, committed 35840K, reserved 1081344K
  class space    used 4601K, committed 4800K, reserved 1048576K
}
Event: 2.834 GC heap before
{Heap before GC invocations=10 (full 0):
 garbage-first heap   total 76800K, used 39691K [0x00000000c1e00000, 0x0000000100000000)
  region size 1024K, 16 young (16384K), 3 survivors (3072K)
 Metaspace       used 35883K, committed 36160K, reserved 1081344K
  class space    used 4638K, committed 4800K, reserved 1048576K
}
Event: 2.839 GC heap after
{Heap after GC invocations=11 (full 0):
 garbage-first heap   total 76800K, used 30880K [0x00000000c1e00000, 0x0000000100000000)
  region size 1024K, 3 young (3072K), 3 survivors (3072K)
 Metaspace       used 35883K, committed 36160K, reserved 1081344K
  class space    used 4638K, committed 4800K, reserved 1048576K
}
Event: 2.939 GC heap before
{Heap before GC invocations=12 (full 0):
 garbage-first heap   total 76800K, used 54432K [0x00000000c1e00000, 0x0000000100000000)
  region size 1024K, 26 young (26624K), 3 survivors (3072K)
 Metaspace       used 36274K, committed 36544K, reserved 1081344K
  class space    used 4665K, committed 4800K, reserved 1048576K
}
Event: 2.944 GC heap after
{Heap after GC invocations=13 (full 0):
 garbage-first heap   total 76800K, used 34718K [0x00000000c1e00000, 0x0000000100000000)
  region size 1024K, 4 young (4096K), 4 survivors (4096K)
 Metaspace       used 36274K, committed 36544K, reserved 1081344K
  class space    used 4665K, committed 4800K, reserved 1048576K
}
Event: 2.999 GC heap before
{Heap before GC invocations=13 (full 0):
 garbage-first heap   total 76800K, used 56222K [0x00000000c1e00000, 0x0000000100000000)
  region size 1024K, 25 young (25600K), 4 survivors (4096K)
 Metaspace       used 36812K, committed 37184K, reserved 1081344K
  class space    used 4721K, committed 4864K, reserved 1048576K
}
Event: 3.004 GC heap after
{Heap after GC invocations=14 (full 0):
 garbage-first heap   total 76800K, used 38417K [0x00000000c1e00000, 0x0000000100000000)
  region size 1024K, 4 young (4096K), 4 survivors (4096K)
 Metaspace       used 36812K, committed 37184K, reserved 1081344K
  class space    used 4721K, committed 4864K, reserved 1048576K
}
Event: 3.037 GC heap before
{Heap before GC invocations=14 (full 0):
 garbage-first heap   total 76800K, used 55825K [0x00000000c1e00000, 0x0000000100000000)
  region size 1024K, 22 young (22528K), 4 survivors (4096K)
 Metaspace       used 37001K, committed 37312K, reserved 1081344K
  class space    used 4734K, committed 4864K, reserved 1048576K
}
Event: 3.045 GC heap after
{Heap after GC invocations=15 (full 0):
 garbage-first heap   total 76800K, used 44559K [0x00000000c1e00000, 0x0000000100000000)
  region size 1024K, 3 young (3072K), 3 survivors (3072K)
 Metaspace       used 37001K, committed 37312K, reserved 1081344K
  class space    used 4734K, committed 4864K, reserved 1048576K
}
Event: 3.091 GC heap before
{Heap before GC invocations=15 (full 0):
 garbage-first heap   total 97280K, used 56847K [0x00000000c1e00000, 0x0000000100000000)
  region size 1024K, 16 young (16384K), 3 survivors (3072K)
 Metaspace       used 37495K, committed 37888K, reserved 1089536K
  class space    used 4751K, committed 4928K, reserved 1048576K
}
Event: 3.098 GC heap after
{Heap after GC invocations=16 (full 0):
 garbage-first heap   total 194560K, used 47369K [0x00000000c1e00000, 0x0000000100000000)
  region size 1024K, 2 young (2048K), 2 survivors (2048K)
 Metaspace       used 37495K, committed 37888K, reserved 1089536K
  class space    used 4751K, committed 4928K, reserved 1048576K
}
Event: 3.383 GC heap before
{Heap before GC invocations=17 (full 0):
 garbage-first heap   total 194560K, used 131337K [0x00000000c1e00000, 0x0000000100000000)
  region size 1024K, 83 young (84992K), 2 survivors (2048K)
 Metaspace       used 38719K, committed 39040K, reserved 1089536K
  class space    used 4884K, committed 5056K, reserved 1048576K
}
Event: 3.429 GC heap after
{Heap after GC invocations=18 (full 0):
 garbage-first heap   total 194560K, used 69246K [0x00000000c1e00000, 0x0000000100000000)
  region size 1024K, 11 young (11264K), 11 survivors (11264K)
 Metaspace       used 38719K, committed 39040K, reserved 1089536K
  class space    used 4884K, committed 5056K, reserved 1048576K
}
Event: 3.432 GC heap before
{Heap before GC invocations=18 (full 0):
 garbage-first heap   total 194560K, used 69246K [0x00000000c1e00000, 0x0000000100000000)
  region size 1024K, 12 young (12288K), 11 survivors (11264K)
 Metaspace       used 38722K, committed 39040K, reserved 1089536K
  class space    used 4887K, committed 5056K, reserved 1048576K
}
Event: 3.452 GC heap after
{Heap after GC invocations=19 (full 0):
 garbage-first heap   total 194560K, used 70574K [0x00000000c1e00000, 0x0000000100000000)
  region size 1024K, 2 young (2048K), 2 survivors (2048K)
 Metaspace       used 38722K, committed 39040K, reserved 1089536K
  class space    used 4887K, committed 5056K, reserved 1048576K
}
Event: 3.485 GC heap before
{Heap before GC invocations=19 (full 0):
 garbage-first heap   total 194560K, used 118702K [0x00000000c1e00000, 0x0000000100000000)
  region size 1024K, 50 young (51200K), 2 survivors (2048K)
 Metaspace       used 38819K, committed 39168K, reserved 1089536K
  class space    used 4897K, committed 5056K, reserved 1048576K
}
Event: 3.489 GC heap after
{Heap after GC invocations=20 (full 0):
 garbage-first heap   total 194560K, used 71726K [0x00000000c1e00000, 0x0000000100000000)
  region size 1024K, 3 young (3072K), 3 survivors (3072K)
 Metaspace       used 38819K, committed 39168K, reserved 1089536K
  class space    used 4897K, committed 5056K, reserved 1048576K
}
Event: 3.510 GC heap before
{Heap before GC invocations=20 (full 0):
 garbage-first heap   total 194560K, used 125998K [0x00000000c1e00000, 0x0000000100000000)
  region size 1024K, 56 young (57344K), 3 survivors (3072K)
 Metaspace       used 38819K, committed 39168K, reserved 1089536K
  class space    used 4897K, committed 5056K, reserved 1048576K
}
Event: 3.513 GC heap after
{Heap after GC invocations=21 (full 0):
 garbage-first heap   total 194560K, used 75653K [0x00000000c1e00000, 0x0000000100000000)
  region size 1024K, 6 young (6144K), 6 survivors (6144K)
 Metaspace       used 38819K, committed 39168K, reserved 1089536K
  class space    used 4897K, committed 5056K, reserved 1048576K
}
Event: 3.542 GC heap before
{Heap before GC invocations=21 (full 0):
 garbage-first heap   total 194560K, used 135045K [0x00000000c1e00000, 0x0000000100000000)
  region size 1024K, 65 young (66560K), 6 survivors (6144K)
 Metaspace       used 38819K, committed 39168K, reserved 1089536K
  class space    used 4897K, committed 5056K, reserved 1048576K
}

