# JRE version: OpenJDK Runtime Environment Temurin-17.0.4.1+1 (17.0.4.1+1) (build 17.0.4.1+1)
# Java VM: OpenJDK 64-Bit Server VM Temurin-17.0.4.1+1 (17.0.4.1+1, mixed mode, emulated-client, tiered, compressed oops, compressed class ptrs, g1 gc, windows-amd64)
GC Precious Log:
 CPUs: 8 total, 8 available
 Memory: 3971M
 Large Page Support: Disabled
 NUMA Support: Disabled
 Compressed Oops: Enabled (32-bit)
 Heap Region Size: 1M
 Heap Min Capacity: 8M
 Heap Initial Capacity: 64M
 Heap Max Capacity: 994M
 Pre-touch: Disabled
 Parallel Workers: 8
 Concurrent Workers: 2
 Concurrent Refinement Workers: 8
 Periodic GC: Disabled
Heap:
 garbage-first heap   total 101376K, used 64804K [0x00000000c1e00000, 0x0000000100000000)
  region size 1024K, 2 young (2048K), 2 survivors (2048K)
 Metaspace       used 36120K, committed 36416K, reserved 1081344K
  class space    used 4710K, committed 4864K, reserved 1048576K
GC Heap History (20 events):
Event: 1.448 GC heap after
{Heap after GC invocations=5 (full 0):
 garbage-first heap   total 45056K, used 12978K [0x00000000c1e00000, 0x0000000100000000)
  region size 1024K, 3 young (3072K), 3 survivors (3072K)
 Metaspace       used 24878K, committed 25088K, reserved 1073152K
  class space    used 3069K, committed 3136K, reserved 1048576K
}
Event: 1.463 GC heap before
{Heap before GC invocations=5 (full 0):
 garbage-first heap   total 45056K, used 14002K [0x00000000c1e00000, 0x0000000100000000)
  region size 1024K, 4 young (4096K), 3 survivors (3072K)
 Metaspace       used 25132K, committed 25344K, reserved 1073152K
  class space    used 3096K, committed 3200K, reserved 1048576K
}
Event: 1.467 GC heap after
{Heap after GC invocations=6 (full 0):
 garbage-first heap   total 54272K, used 13051K [0x00000000c1e00000, 0x0000000100000000)
  region size 1024K, 1 young (1024K), 1 survivors (1024K)
 Metaspace       used 25132K, committed 25344K, reserved 1073152K
  class space    used 3096K, committed 3200K, reserved 1048576K
}
Event: 1.828 GC heap before
{Heap before GC invocations=6 (full 0):
 garbage-first heap   total 54272K, used 33531K [0x00000000c1e00000, 0x0000000100000000)
  region size 1024K, 22 young (22528K), 1 survivors (1024K)
 Metaspace       used 28538K, committed 28800K, reserved 1081344K
  class space    used 3585K, committed 3712K, reserved 1048576K
}
Event: 1.831 GC heap after
{Heap after GC invocations=7 (full 0):
 garbage-first heap   total 54272K, used 15139K [0x00000000c1e00000, 0x0000000100000000)
  region size 1024K, 3 young (3072K), 3 survivors (3072K)
 Metaspace       used 28538K, committed 28800K, reserved 1081344K
  class space    used 3585K, committed 3712K, reserved 1048576K
}
Event: 2.107 GC heap before
{Heap before GC invocations=7 (full 0):
 garbage-first heap   total 54272K, used 35619K [0x00000000c1e00000, 0x0000000100000000)
  region size 1024K, 23 young (23552K), 3 survivors (3072K)
 Metaspace       used 32913K, committed 33152K, reserved 1081344K
  class space    used 4170K, committed 4288K, reserved 1048576K
}
Event: 2.113 GC heap after
{Heap after GC invocations=8 (full 0):
 garbage-first heap   total 54272K, used 16692K [0x00000000c1e00000, 0x0000000100000000)
  region size 1024K, 2 young (2048K), 2 survivors (2048K)
 Metaspace       used 32913K, committed 33152K, reserved 1081344K
  class space    used 4170K, committed 4288K, reserved 1048576K
}
Event: 2.184 GC heap before
{Heap before GC invocations=8 (full 0):
 garbage-first heap   total 54272K, used 37172K [0x00000000c1e00000, 0x0000000100000000)
  region size 1024K, 23 young (23552K), 2 survivors (2048K)
 Metaspace       used 33305K, committed 33600K, reserved 1081344K
  class space    used 4227K, committed 4352K, reserved 1048576K
}
Event: 2.190 GC heap after
{Heap after GC invocations=9 (full 0):
 garbage-first heap   total 54272K, used 21426K [0x00000000c1e00000, 0x0000000100000000)
  region size 1024K, 3 young (3072K), 3 survivors (3072K)
 Metaspace       used 33305K, committed 33600K, reserved 1081344K
  class space    used 4227K, committed 4352K, reserved 1048576K
}
Event: 2.224 GC heap before
{Heap before GC invocations=9 (full 0):
 garbage-first heap   total 54272K, used 37810K [0x00000000c1e00000, 0x0000000100000000)
  region size 1024K, 20 young (20480K), 3 survivors (3072K)
 Metaspace       used 33511K, committed 33856K, reserved 1081344K
  class space    used 4258K, committed 4416K, reserved 1048576K
}
Event: 2.230 GC heap after
{Heap after GC invocations=10 (full 0):
 garbage-first heap   total 101376K, used 24880K [0x00000000c1e00000, 0x0000000100000000)
  region size 1024K, 3 young (3072K), 3 survivors (3072K)
 Metaspace       used 33511K, committed 33856K, reserved 1081344K
  class space    used 4258K, committed 4416K, reserved 1048576K
}
Event: 2.366 GC heap before
{Heap before GC invocations=10 (full 0):
 garbage-first heap   total 101376K, used 69936K [0x00000000c1e00000, 0x0000000100000000)
  region size 1024K, 47 young (48128K), 3 survivors (3072K)
 Metaspace       used 34541K, committed 34816K, reserved 1081344K
  class space    used 4408K, committed 4544K, reserved 1048576K
}
Event: 2.375 GC heap after
{Heap after GC invocations=11 (full 0):
 garbage-first heap   total 101376K, used 32436K [0x00000000c1e00000, 0x0000000100000000)
  region size 1024K, 6 young (6144K), 6 survivors (6144K)
 Metaspace       used 34541K, committed 34816K, reserved 1081344K
  class space    used 4408K, committed 4544K, reserved 1048576K
}
Event: 2.439 GC heap before
{Heap before GC invocations=11 (full 0):
 garbage-first heap   total 101376K, used 69300K [0x00000000c1e00000, 0x0000000100000000)
  region size 1024K, 42 young (43008K), 6 survivors (6144K)
 Metaspace       used 34791K, committed 35136K, reserved 1081344K
  class space    used 4447K, committed 4608K, reserved 1048576K
}
Event: 2.452 GC heap after
{Heap after GC invocations=12 (full 0):
 garbage-first heap   total 101376K, used 41934K [0x00000000c1e00000, 0x0000000100000000)
  region size 1024K, 6 young (6144K), 6 survivors (6144K)
 Metaspace       used 34791K, committed 35136K, reserved 1081344K
  class space    used 4447K, committed 4608K, reserved 1048576K
}
Event: 2.558 GC heap before
{Heap before GC invocations=12 (full 0):
 garbage-first heap   total 101376K, used 63438K [0x00000000c1e00000, 0x0000000100000000)
  region size 1024K, 28 young (28672K), 6 survivors (6144K)
 Metaspace       used 35876K, committed 36160K, reserved 1081344K
  class space    used 4655K, committed 4800K, reserved 1048576K
}
Event: 2.565 GC heap after
{Heap after GC invocations=13 (full 0):
 garbage-first heap   total 101376K, used 46658K [0x00000000c1e00000, 0x0000000100000000)
  region size 1024K, 4 young (4096K), 4 survivors (4096K)
 Metaspace       used 35876K, committed 36160K, reserved 1081344K
  class space    used 4655K, committed 4800K, reserved 1048576K
}
Event: 2.674 GC heap before
{Heap before GC invocations=14 (full 0):
 garbage-first heap   total 101376K, used 76354K [0x00000000c1e00000, 0x0000000100000000)
  region size 1024K, 31 young (31744K), 4 survivors (4096K)
 Metaspace       used 36017K, committed 36352K, reserved 1081344K
  class space    used 4692K, committed 4864K, reserved 1048576K
}
Event: 2.693 GC heap after
{Heap after GC invocations=15 (full 0):
 garbage-first heap   total 101376K, used 62255K [0x00000000c1e00000, 0x0000000100000000)
  region size 1024K, 4 young (4096K), 4 survivors (4096K)
 Metaspace       used 36017K, committed 36352K, reserved 1081344K
  class space    used 4692K, committed 4864K, reserved 1048576K
}
Event: 2.710 GC heap before
{Heap before GC invocations=15 (full 0):
 garbage-first heap   total 101376K, used 75567K [0x00000000c1e00000, 0x0000000100000000)
  region size 1024K, 18 young (18432K), 4 survivors (4096K)
 Metaspace       used 36120K, committed 36416K, reserved 1081344K
  class space    used 4710K, committed 4864K, reserved 1048576K
}

