# JRE version: OpenJDK Runtime Environment Temurin-17.0.4.1+1 (17.0.4.1+1) (build 17.0.4.1+1)
# Java VM: OpenJDK 64-Bit Server VM Temurin-17.0.4.1+1 (17.0.4.1+1, mixed mode, emulated-client, tiered, compressed oops, compressed class ptrs, g1 gc, windows-amd64)
GC Precious Log:
 CPUs: 8 total, 8 available
 Memory: 3971M
 Large Page Support: Disabled
 NUMA Support: Disabled
 Compressed Oops: Enabled (32-bit)
 Heap Region Size: 1M
 Heap Min Capacity: 8M
 Heap Initial Capacity: 64M
 Heap Max Capacity: 994M
 Pre-touch: Disabled
 Parallel Workers: 8
 Concurrent Workers: 2
 Concurrent Refinement Workers: 8
 Periodic GC: Disabled
Heap:
 garbage-first heap   total 94208K, used 51406K [0x00000000c1e00000, 0x0000000100000000)
  region size 1024K, 1 young (1024K), 1 survivors (1024K)
 Metaspace       used 37736K, committed 38080K, reserved 1089536K
  class space    used 4768K, committed 4928K, reserved 1048576K
GC Heap History (20 events):
Event: 6.662 GC heap after
{Heap after GC invocations=7 (full 0):
 garbage-first heap   total 54272K, used 16353K [0x00000000c1e00000, 0x0000000100000000)
  region size 1024K, 2 young (2048K), 2 survivors (2048K)
 Metaspace       used 31462K, committed 31744K, reserved 1081344K
  class space    used 3974K, committed 4096K, reserved 1048576K
}
Event: 7.145 GC heap before
{Heap before GC invocations=7 (full 0):
 garbage-first heap   total 54272K, used 36833K [0x00000000c1e00000, 0x0000000100000000)
  region size 1024K, 22 young (22528K), 2 survivors (2048K)
 Metaspace       used 34813K, committed 35200K, reserved 1081344K
  class space    used 4496K, committed 4672K, reserved 1048576K
}
Event: 7.165 GC heap after
{Heap after GC invocations=8 (full 0):
 garbage-first heap   total 54272K, used 18365K [0x00000000c1e00000, 0x0000000100000000)
  region size 1024K, 3 young (3072K), 3 survivors (3072K)
 Metaspace       used 34813K, committed 35200K, reserved 1081344K
  class space    used 4496K, committed 4672K, reserved 1048576K
}
Event: 7.383 GC heap before
{Heap before GC invocations=8 (full 0):
 garbage-first heap   total 54272K, used 36797K [0x00000000c1e00000, 0x0000000100000000)
  region size 1024K, 22 young (22528K), 3 survivors (3072K)
 Metaspace       used 35314K, committed 35648K, reserved 1081344K
  class space    used 4571K, committed 4736K, reserved 1048576K
}
Event: 7.389 GC heap after
{Heap after GC invocations=9 (full 0):
 garbage-first heap   total 54272K, used 21466K [0x00000000c1e00000, 0x0000000100000000)
  region size 1024K, 3 young (3072K), 3 survivors (3072K)
 Metaspace       used 35314K, committed 35648K, reserved 1081344K
  class space    used 4571K, committed 4736K, reserved 1048576K
}
Event: 7.479 GC heap before
{Heap before GC invocations=9 (full 0):
 garbage-first heap   total 54272K, used 37850K [0x00000000c1e00000, 0x0000000100000000)
  region size 1024K, 20 young (20480K), 3 survivors (3072K)
 Metaspace       used 35314K, committed 35648K, reserved 1081344K
  class space    used 4571K, committed 4736K, reserved 1048576K
}
Event: 7.487 GC heap after
{Heap after GC invocations=10 (full 0):
 garbage-first heap   total 54272K, used 26412K [0x00000000c1e00000, 0x0000000100000000)
  region size 1024K, 3 young (3072K), 3 survivors (3072K)
 Metaspace       used 35314K, committed 35648K, reserved 1081344K
  class space    used 4571K, committed 4736K, reserved 1048576K
}
Event: 7.591 GC heap before
{Heap before GC invocations=10 (full 0):
 garbage-first heap   total 54272K, used 38700K [0x00000000c1e00000, 0x0000000100000000)
  region size 1024K, 16 young (16384K), 3 survivors (3072K)
 Metaspace       used 35450K, committed 35776K, reserved 1081344K
  class space    used 4593K, committed 4736K, reserved 1048576K
}
Event: 7.597 GC heap after
{Heap after GC invocations=11 (full 0):
 garbage-first heap   total 75776K, used 29253K [0x00000000c1e00000, 0x0000000100000000)
  region size 1024K, 2 young (2048K), 2 survivors (2048K)
 Metaspace       used 35450K, committed 35776K, reserved 1081344K
  class space    used 4593K, committed 4736K, reserved 1048576K
}
Event: 7.716 GC heap before
{Heap before GC invocations=12 (full 0):
 garbage-first heap   total 75776K, used 50757K [0x00000000c1e00000, 0x0000000100000000)
  region size 1024K, 24 young (24576K), 2 survivors (2048K)
 Metaspace       used 35794K, committed 36032K, reserved 1081344K
  class space    used 4633K, committed 4736K, reserved 1048576K
}
Event: 7.724 GC heap after
{Heap after GC invocations=13 (full 0):
 garbage-first heap   total 75776K, used 32912K [0x00000000c1e00000, 0x0000000100000000)
  region size 1024K, 3 young (3072K), 3 survivors (3072K)
 Metaspace       used 35794K, committed 36032K, reserved 1081344K
  class space    used 4633K, committed 4736K, reserved 1048576K
}
Event: 7.813 GC heap before
{Heap before GC invocations=13 (full 0):
 garbage-first heap   total 75776K, used 53392K [0x00000000c1e00000, 0x0000000100000000)
  region size 1024K, 24 young (24576K), 3 survivors (3072K)
 Metaspace       used 36081K, committed 36352K, reserved 1081344K
  class space    used 4649K, committed 4800K, reserved 1048576K
}
Event: 7.822 GC heap after
{Heap after GC invocations=14 (full 0):
 garbage-first heap   total 75776K, used 37178K [0x00000000c1e00000, 0x0000000100000000)
  region size 1024K, 3 young (3072K), 3 survivors (3072K)
 Metaspace       used 36081K, committed 36352K, reserved 1081344K
  class space    used 4649K, committed 4800K, reserved 1048576K
}
Event: 7.886 GC heap before
{Heap before GC invocations=14 (full 0):
 garbage-first heap   total 75776K, used 55610K [0x00000000c1e00000, 0x0000000100000000)
  region size 1024K, 21 young (21504K), 3 survivors (3072K)
 Metaspace       used 36204K, committed 36480K, reserved 1081344K
  class space    used 4655K, committed 4800K, reserved 1048576K
}
Event: 7.895 GC heap after
{Heap after GC invocations=15 (full 0):
 garbage-first heap   total 75776K, used 43194K [0x00000000c1e00000, 0x0000000100000000)
  region size 1024K, 3 young (3072K), 3 survivors (3072K)
 Metaspace       used 36204K, committed 36480K, reserved 1081344K
  class space    used 4655K, committed 4800K, reserved 1048576K
}
Event: 7.972 GC heap before
{Heap before GC invocations=15 (full 0):
 garbage-first heap   total 94208K, used 57530K [0x00000000c1e00000, 0x0000000100000000)
  region size 1024K, 17 young (17408K), 3 survivors (3072K)
 Metaspace       used 36435K, committed 36736K, reserved 1081344K
  class space    used 4683K, committed 4800K, reserved 1048576K
}
Event: 7.979 GC heap after
{Heap after GC invocations=16 (full 0):
 garbage-first heap   total 94208K, used 46253K [0x00000000c1e00000, 0x0000000100000000)
  region size 1024K, 3 young (3072K), 3 survivors (3072K)
 Metaspace       used 36435K, committed 36736K, reserved 1081344K
  class space    used 4683K, committed 4800K, reserved 1048576K
}
Event: 8.175 GC heap before
{Heap before GC invocations=17 (full 0):
 garbage-first heap   total 94208K, used 66733K [0x00000000c1e00000, 0x0000000100000000)
  region size 1024K, 24 young (24576K), 3 survivors (3072K)
 Metaspace       used 37736K, committed 38080K, reserved 1089536K
  class space    used 4768K, committed 4928K, reserved 1048576K
}
Event: 8.183 GC heap after
{Heap after GC invocations=18 (full 0):
 garbage-first heap   total 94208K, used 51097K [0x00000000c1e00000, 0x0000000100000000)
  region size 1024K, 3 young (3072K), 3 survivors (3072K)
 Metaspace       used 37736K, committed 38080K, reserved 1089536K
  class space    used 4768K, committed 4928K, reserved 1048576K
}
Event: 8.185 GC heap before
{Heap before GC invocations=18 (full 0):
 garbage-first heap   total 94208K, used 52121K [0x00000000c1e00000, 0x0000000100000000)
  region size 1024K, 4 young (4096K), 3 survivors (3072K)
 Metaspace       used 37736K, committed 38080K, reserved 1089536K
  class space    used 4768K, committed 4928K, reserved 1048576K
}

